<?xml version="1.0" encoding="UTF-8"?>
<testsuite xmlns:xsi="http://www.w3.org/2001/XMLSchema-instance" xsi:noNamespaceSchemaLocation="https://maven.apache.org/surefire/maven-surefire-plugin/xsd/surefire-test-report-3.0.xsd" version="3.0" name="TestSuite" time="46.146" tests="8" errors="0" skipped="0" failures="0">
  <properties>
[...]
</properties>
  <testcase name="launchBrowser" classname="com.sgtesting.tests.testcases.Testcases" time="7.001">
    <system-err><![CDATA[SLF4J: Failed to load class "org.slf4j.impl.StaticLoggerBinder".
SLF4J: Defaulting to no-operation (NOP) logger implementation
SLF4J: See http://www.slf4j.org/codes.html#StaticLoggerBinder for further details.
Apr 09, 2024 6:12:32 PM org.openqa.selenium.devtools.CdpVersionFinder findNearestMatch
WARNING: Unable to find an exact match for CDP version 123, returning the closest version; found: 122; Please update to a Selenium version that supports CDP version 123
]]></system-err>
  </testcase>
  <testcase name="navigateURL" classname="com.sgtesting.tests.testcases.Testcases" time="5.731"/>
  <testcase name="login" classname="com.sgtesting.tests.testcases.Testcases" time="5.296"/>
  <testcase name="minimizeFlyOutWindow" classname="com.sgtesting.tests.testcases.Testcases" time="2.083"/>
  <testcase name="createUser" classname="com.sgtesting.tests.testcases.Testcases" time="12.626"/>
  <testcase name="deleteUser" classname="com.sgtesting.tests.testcases.Testcases" time="8.25">
    <system-out><![CDATA[Are you sure you want to delete this user account?
]]></system-out>
  </testcase>
  <testcase name="logout" classname="com.sgtesting.tests.testcases.Testcases" time="2.225"/>
  <testcase name="closeApp" classname="com.sgtesting.tests.testcases.Testcases" time="2.267"/>
</testsuite>