<?xml version="1.0" encoding="UTF-8"?>
<testng-results ignored="0" total="8" passed="8" failed="0" skipped="0">
  <reporter-output>
  </reporter-output>
  <suite started-at="2024-04-09T18:12:30 IST" name="Testcases" finished-at="2024-04-09T18:13:15 IST" duration-ms="45523">
    <groups>
    </groups>
    <test started-at="2024-04-09T18:12:30 IST" name="unit testcases" finished-at="2024-04-09T18:13:15 IST" duration-ms="45523">
      <class name="com.sgtesting.tests.testcases.Testcases">
        <test-method signature="launchBrowser()[pri:1, instance:com.sgtesting.tests.testcases.Testcases@3e92efc3]" started-at="2024-04-09T18:12:30 IST" name="launchBrowser" finished-at="2024-04-09T18:12:37 IST" duration-ms="6996" status="PASS">
          <reporter-output>
          </reporter-output>
        </test-method> <!-- launchBrowser -->
        <test-method signature="navigateURL()[pri:2, instance:com.sgtesting.tests.testcases.Testcases@3e92efc3]" started-at="2024-04-09T18:12:37 IST" name="navigateURL" finished-at="2024-04-09T18:12:42 IST" duration-ms="5732" status="PASS">
          <reporter-output>
          </reporter-output>
        </test-method> <!-- navigateURL -->
        <test-method signature="login()[pri:3, instance:com.sgtesting.tests.testcases.Testcases@3e92efc3]" started-at="2024-04-09T18:12:42 IST" name="login" finished-at="2024-04-09T18:12:48 IST" duration-ms="5293" status="PASS">
          <reporter-output>
          </reporter-output>
        </test-method> <!-- login -->
        <test-method signature="minimizeFlyOutWindow()[pri:4, instance:com.sgtesting.tests.testcases.Testcases@3e92efc3]" started-at="2024-04-09T18:12:48 IST" name="minimizeFlyOutWindow" finished-at="2024-04-09T18:12:50 IST" duration-ms="2083" status="PASS">
          <reporter-output>
          </reporter-output>
        </test-method> <!-- minimizeFlyOutWindow -->
        <test-method signature="createUser()[pri:5, instance:com.sgtesting.tests.testcases.Testcases@3e92efc3]" started-at="2024-04-09T18:12:50 IST" name="createUser" finished-at="2024-04-09T18:13:02 IST" duration-ms="12625" status="PASS">
          <reporter-output>
          </reporter-output>
        </test-method> <!-- createUser -->
        <test-method signature="deleteUser()[pri:6, instance:com.sgtesting.tests.testcases.Testcases@3e92efc3]" started-at="2024-04-09T18:13:02 IST" name="deleteUser" finished-at="2024-04-09T18:13:11 IST" duration-ms="8249" status="PASS">
          <reporter-output>
          </reporter-output>
        </test-method> <!-- deleteUser -->
        <test-method signature="logout()[pri:7, instance:com.sgtesting.tests.testcases.Testcases@3e92efc3]" started-at="2024-04-09T18:13:11 IST" name="logout" finished-at="2024-04-09T18:13:13 IST" duration-ms="2224" status="PASS">
          <reporter-output>
          </reporter-output>
        </test-method> <!-- logout -->
        <test-method signature="closeApp()[pri:8, instance:com.sgtesting.tests.testcases.Testcases@3e92efc3]" started-at="2024-04-09T18:13:13 IST" name="closeApp" finished-at="2024-04-09T18:13:15 IST" duration-ms="2266" status="PASS">
          <reporter-output>
          </reporter-output>
        </test-method> <!-- closeApp -->
      </class> <!-- com.sgtesting.tests.testcases.Testcases -->
    </test> <!-- unit testcases -->
  </suite> <!-- Testcases -->
</testng-results>
